<?xml version="1.0" encoding="UTF-8"?>
<!-- Generated by org.testng.reporters.JUnitReportReporter -->
<testsuite skipped="0" hostname="DESKTOP-Q07LUVG" name="com.training.sanity.tests.TC02TEST" tests="1" failures="0" timestamp="02 Sep 2019 14:05:04 GMT" time="27.612" errors="0">
  <testcase name="validLoginTest" time="27.612" classname="com.training.sanity.tests.TC02TEST"/>
</testsuite> <!-- com.training.sanity.tests.TC02TEST -->
