<?xml version="1.0" encoding="UTF-8"?>
<!-- Generated by org.testng.reporters.JUnitReportReporter -->
<testsuite skipped="0" hostname="DESKTOP-Q07LUVG" name="com.training.sanity.tests.TC01ATEST" tests="1" failures="0" timestamp="03 Sep 2019 17:32:18 GMT" time="26.261" errors="0">
  <testcase name="TestCase01" time="26.261" classname="com.training.sanity.tests.TC01ATEST"/>
</testsuite> <!-- com.training.sanity.tests.TC01ATEST -->
