<?xml version="1.0" encoding="UTF-8"?>
<!-- Generated by org.testng.reporters.JUnitReportReporter -->
<testsuite skipped="0" hostname="DESKTOP-Q07LUVG" name="com.training.sanity.tests.Medium_TC_02$TC01ATEST" tests="1" failures="0" timestamp="07 Sep 2019 12:07:23 GMT" time="80.493" errors="0">
  <testcase name="TestCase01" time="80.493" classname="com.training.sanity.tests.Medium_TC_02$TC01ATEST"/>
</testsuite> <!-- com.training.sanity.tests.Medium_TC_02$TC01ATEST -->
