<?xml version="1.0" encoding="UTF-8"?>
<!-- Generated by org.testng.reporters.JUnitReportReporter -->
<testsuite skipped="0" hostname="DESKTOP-Q07LUVG" name="com.training.sanity.tests.Medium_TC_01$TC01ATEST" tests="1" failures="0" timestamp="06 Sep 2019 19:07:09 GMT" time="87.561" errors="0">
  <testcase name="TestCase01" time="87.561" classname="com.training.sanity.tests.Medium_TC_01$TC01ATEST"/>
</testsuite> <!-- com.training.sanity.tests.Medium_TC_01$TC01ATEST -->
